<?xml version="1.0" encoding="UTF-8"?>
<testsuite xmlns:xsi="http://www.w3.org/2001/XMLSchema-instance" xsi:noNamespaceSchemaLocation="https://maven.apache.org/surefire/maven-surefire-plugin/xsd/surefire-test-report-3.0.xsd" version="3.0" name="commands.RmCommandTest" time="0.013" tests="2" errors="0" skipped="0" failures="0">
  <properties>
[...]
</properties>
  <testcase name="rmCategory" classname="commands.RmCommandTest" time="0.013">
    <system-out><![CDATA[Category added: Kitchen
Appliance added: Toaster
Category successfully removed: Kitchen
]]></system-out>
  </testcase>
  <testcase name="rmAppliance" classname="commands.RmCommandTest" time="0.0">
    <system-out><![CDATA[Category added: Kitchen
Appliance added: Toaster
Appliance removed: Toaster
]]></system-out>
  </testcase>
</testsuite>